<?xml version="1.0" encoding="UTF-8"?>
<testsuite xmlns:xsi="http://www.w3.org/2001/XMLSchema-instance" xsi:noNamespaceSchemaLocation="https://maven.apache.org/surefire/maven-surefire-plugin/xsd/surefire-test-report.xsd" version="3.0.2" name="com.outfitlab.project.domain.useCases.CheckTaskStatusTest" time="0.215" tests="4" errors="0" skipped="0" failures="0">
  <properties>
[...]
</properties>
  <testcase name="ejecutarDeberiaLanzarErrorWhenSleepException_cuandoRepositorioLanzaErrorWhenSleepException" classname="com.outfitlab.project.domain.useCases.CheckTaskStatusTest" time="0.192"/>
  <testcase name="ejecutarDeberiaLanzarErrorReadJsonException_cuandoRepositorioLanzaErrorReadJsonException" classname="com.outfitlab.project.domain.useCases.CheckTaskStatusTest" time="0.016"/>
  <testcase name="ejecutarDeberiaDevolverStatus_cuandoRepositorioDevuelveStatus" classname="com.outfitlab.project.domain.useCases.CheckTaskStatusTest" time="0.0"/>
  <testcase name="ejecutarDeberiaLanzarErrorGlbGenerateTimeExpiredException_cuandoRepositorioLanzaErrorGlbGenerateTimeExpiredException" classname="com.outfitlab.project.domain.useCases.CheckTaskStatusTest" time="0.0"/>
</testsuite>